<?xml version="1.0" encoding="UTF-8"?>
<!-- Generated by org.testng.reporters.JUnitReportReporter -->
<testsuite hostname="DESKTOP-1HV8444" name="com.auto.service.TestGroup" tests="2" failures="0" timestamp="19 Aug 2020 12:28:14 GMT" time="0.200" errors="0">
  <testcase name="testCase2" time="0.140" classname="com.auto.service.TestGroup"/>
  <testcase name="testCase1" time="0.060" classname="com.auto.service.TestGroup"/>
</testsuite> <!-- com.auto.service.TestGroup -->
