<?xml version="1.0" encoding="UTF-8"?>
<!-- Generated by org.testng.reporters.JUnitReportReporter -->
<testsuite hostname="DESKTOP-1HV8444" name="com.auto.service.TestAddGoods" tests="1" failures="0" timestamp="2 Dec 2020 10:29:19 GMT" time="893.086" errors="0">
  <testcase name="testCaseNewAddOther" time="893.086" classname="com.auto.service.TestAddGoods"/>
</testsuite> <!-- com.auto.service.TestAddGoods -->
