<?xml version="1.0" encoding="UTF-8"?>
<!-- Generated by org.testng.reporters.JUnitReportReporter -->
<testsuite hostname="DESKTOP-1HV8444" name="com.auto.service.TestLogin" tests="1" failures="0" timestamp="2 Dec 2020 10:29:19 GMT" time="9.032" errors="0">
  <testcase name="testCaseLogin" time="9.032" classname="com.auto.service.TestLogin"/>
</testsuite> <!-- com.auto.service.TestLogin -->
